#
# There is insufficient memory for the Java Runtime Environment to continue.
# Native memory allocation (malloc) failed to allocate 157536 bytes for Chunk::new
# Possible reasons:
#   The system is out of physical RAM or swap space
#   The process is running with CompressedOops enabled, and the Java Heap may be blocking the growth of the native heap
# Possible solutions:
#   Reduce memory load on the system
#   Increase physical memory or swap space
#   Check if swap backing store is full
#   Decrease Java heap size (-Xmx/-Xms)
#   Decrease number of Java threads
#   Decrease Java thread stack sizes (-Xss)
#   Set larger code cache with -XX:ReservedCodeCacheSize=
#   JVM is running with Unscaled Compressed Oops mode in which the Java heap is
#     placed in the first 4GB address space. The Java Heap base address is the
#     maximum limit for the native heap growth. Please use -XX:HeapBaseMinAddress
#     to set the Java Heap base and to place the Java Heap above 4GB virtual address.
# This output file may be truncated or incomplete.
#
#  Out of Memory Error (arena.cpp:184), pid=48368, tid=18980
#
# JRE version: OpenJDK Runtime Environment Temurin-18.0.1+10 (18.0.1+10) (build 18.0.1+10)
# Java VM: OpenJDK 64-Bit Server VM Temurin-18.0.1+10 (18.0.1+10, mixed mode, tiered, compressed oops, compressed class ptrs, g1 gc, windows-amd64)
# No core dump will be written. Minidumps are not enabled by default on client versions of Windows
#

---------------  S U M M A R Y ------------

Command Line: -Dfile.encoding=UTF-8 --module-path=C:\java libs\jdbc-connectors\mysql-connector-java-8.0.30.jar -XX:+ShowCodeDetailsInExceptionMessages aplicacao.Main

Host: Intel(R) Celeron(R) N4020 CPU @ 1.10GHz, 2 cores, 3G,  Windows 11 , 64 bit Build 22000 (10.0.22000.708)
Time: Wed Aug 31 11:35:48 2022 Hora oficial do Brasil elapsed time: 4.563791 seconds (0d 0h 0m 4s)

---------------  T H R E A D  ---------------

Current thread (0x00000224b0d87ca0):  JavaThread "C2 CompilerThread0" daemon [_thread_in_native, id=18980, stack(0x0000005d5e200000,0x0000005d5e300000)]


Current CompileTask:
C2:   4564 1383       4       java.util.HashMap::putVal (300 bytes)

Stack: [0x0000005d5e200000,0x0000005d5e300000]
Native frames: (J=compiled Java code, j=interpreted, Vv=VM code, C=native code)
V  [jvm.dll+0x69cd4a]
V  [jvm.dll+0x84b63d]
V  [jvm.dll+0x84cf4e]
V  [jvm.dll+0x84d603]
V  [jvm.dll+0x25f19f]
V  [jvm.dll+0xba54f]
V  [jvm.dll+0xba8c5]
V  [jvm.dll+0x2ca37f]
V  [jvm.dll+0x5a32f0]
V  [jvm.dll+0x23a938]
V  [jvm.dll+0x233ee5]
V  [jvm.dll+0x23140b]
V  [jvm.dll+0x1bbd3c]
V  [jvm.dll+0x240faa]
V  [jvm.dll+0x23f275]
V  [jvm.dll+0x7fdcfb]
V  [jvm.dll+0x7f814a]
V  [jvm.dll+0x69bba5]
C  [ucrtbase.dll+0x26c0c]
C  [KERNEL32.DLL+0x154e0]
C  [ntdll.dll+0x485b]


---------------  P R O C E S S  ---------------

Threads class SMR info:
_java_thread_list=0x00000224b52b7100, length=13, elements={
0x00000224983efd70, 0x00000224b0d45010, 0x00000224b0d463d0, 0x00000224b0d854d0,
0x00000224b0d85d80, 0x00000224b0d86630, 0x00000224b0d86fd0, 0x00000224b0d87ca0,
0x00000224b0debdd0, 0x00000224b0dee2e0, 0x00000224984ac740, 0x00000224b523d210,
0x00000224b53f9aa0
}

Java Threads: ( => current thread )
  0x00000224983efd70 JavaThread "main" [_thread_in_vm, id=44012, stack(0x0000005d5d500000,0x0000005d5d600000)]
  0x00000224b0d45010 JavaThread "Reference Handler" daemon [_thread_blocked, id=48608, stack(0x0000005d5dc00000,0x0000005d5dd00000)]
  0x00000224b0d463d0 JavaThread "Finalizer" daemon [_thread_blocked, id=47952, stack(0x0000005d5dd00000,0x0000005d5de00000)]
  0x00000224b0d854d0 JavaThread "Signal Dispatcher" daemon [_thread_blocked, id=27444, stack(0x0000005d5de00000,0x0000005d5df00000)]
  0x00000224b0d85d80 JavaThread "Attach Listener" daemon [_thread_blocked, id=25176, stack(0x0000005d5df00000,0x0000005d5e000000)]
  0x00000224b0d86630 JavaThread "Service Thread" daemon [_thread_blocked, id=44556, stack(0x0000005d5e000000,0x0000005d5e100000)]
  0x00000224b0d86fd0 JavaThread "Monitor Deflation Thread" daemon [_thread_blocked, id=49000, stack(0x0000005d5e100000,0x0000005d5e200000)]
=>0x00000224b0d87ca0 JavaThread "C2 CompilerThread0" daemon [_thread_in_native, id=18980, stack(0x0000005d5e200000,0x0000005d5e300000)]
  0x00000224b0debdd0 JavaThread "C1 CompilerThread0" daemon [_thread_blocked, id=47856, stack(0x0000005d5e300000,0x0000005d5e400000)]
  0x00000224b0dee2e0 JavaThread "Sweeper thread" daemon [_thread_blocked, id=35020, stack(0x0000005d5e400000,0x0000005d5e500000)]
  0x00000224984ac740 JavaThread "Common-Cleaner" daemon [_thread_blocked, id=48276, stack(0x0000005d5e500000,0x0000005d5e600000)]
  0x00000224b523d210 JavaThread "Notification Thread" daemon [_thread_blocked, id=42648, stack(0x0000005d5e600000,0x0000005d5e700000)]
  0x00000224b53f9aa0 JavaThread "mysql-cj-abandoned-connection-cleanup" daemon [_thread_blocked, id=44428, stack(0x0000005d5e800000,0x0000005d5e900000)]

Other Threads:
  0x00000224b0d2e630 VMThread "VM Thread" [stack: 0x0000005d5db00000,0x0000005d5dc00000] [id=42972]
  0x00000224b51b9130 WatcherThread "VM Periodic Task Thread" [stack: 0x0000005d5e700000,0x0000005d5e800000] [id=34584]
  0x000002249842f170 WorkerThread "GC Thread#0" [stack: 0x0000005d5d600000,0x0000005d5d700000] [id=37304]
  0x00000224b5507090 WorkerThread "GC Thread#1" [stack: 0x0000005d5e900000,0x0000005d5ea00000] [id=38724]
  0x00000224984375a0 ConcurrentGCThread "G1 Main Marker" [stack: 0x0000005d5d700000,0x0000005d5d800000] [id=32880]
  0x0000022498438890 WorkerThread "G1 Conc#0" [stack: 0x0000005d5d800000,0x0000005d5d900000] [id=41480]
  0x0000022498458130 ConcurrentGCThread "G1 Refine#0" [stack: 0x0000005d5d900000,0x0000005d5da00000] [id=48468]
  0x0000022498459340 ConcurrentGCThread "G1 Service" [stack: 0x0000005d5da00000,0x0000005d5db00000] [id=4516]

Threads with active compile tasks:
C2 CompilerThread0     4678 1383       4       java.util.HashMap::putVal (300 bytes)

VM state: not at safepoint (normal execution)

VM Mutex/Monitor currently owned by a thread:  ([mutex/lock_event])
[0x00000224983d86c0] Metaspace_lock - owner thread: 0x00000224983efd70

Heap address: 0x00000000c5800000, size: 936 MB, Compressed Oops mode: 32-bit

CDS archive(s) not mapped
Compressed class space mapped at: 0x0000000100000000-0x0000000140000000, reserved size: 1073741824
Narrow klass base: 0x0000000000000000, Narrow klass shift: 3, Narrow klass range: 0x140000000

GC Precious Log:
 CardTable entry size: 512
 Card Set container configuration: InlinePtr #cards 5 size 8 Array Of Cards #cards 12 size 40 Howl #buckets 4 coarsen threshold 1843 Howl Bitmap #cards 512 size 80 coarsen threshold 460 Card regions per heap region 1 cards per card region 2048
 CPUs: 2 total, 2 available
 Memory: 3737M
 Large Page Support: Disabled
 NUMA Support: Disabled
 Compressed Oops: Enabled (32-bit)
 Heap Region Size: 1M
 Heap Min Capacity: 8M
 Heap Initial Capacity: 60M
 Heap Max Capacity: 936M
 Pre-touch: Disabled
 Parallel Workers: 2
 Concurrent Workers: 1
 Concurrent Refinement Workers: 2
 Periodic GC: Disabled

Heap:
 garbage-first heap   total 61440K, used 9222K [0x00000000c5800000, 0x0000000100000000)
  region size 1024K, 10 young (10240K), 1 survivors (1024K)
 Metaspace       used 18020K, committed 18112K, reserved 1114112K
  class space    used 1746K, committed 1792K, reserved 1048576K

Heap Regions: E=young(eden), S=young(survivor), O=old, HS=humongous(starts), HC=humongous(continues), CS=collection set, F=free, OA=open archive, CA=closed archive, TAMS=top-at-mark-start (previous, next)
|   0|0x00000000c5800000, 0x00000000c5900000, 0x00000000c5900000|100%| O|  |TAMS 0x00000000c5800000, 0x00000000c5800000| Untracked 
|   1|0x00000000c5900000, 0x00000000c5961200, 0x00000000c5a00000| 37%| O|  |TAMS 0x00000000c5900000, 0x00000000c5900000| Untracked 
|   2|0x00000000c5a00000, 0x00000000c5a00000, 0x00000000c5b00000|  0%| F|  |TAMS 0x00000000c5a00000, 0x00000000c5a00000| Untracked 
|   3|0x00000000c5b00000, 0x00000000c5b00000, 0x00000000c5c00000|  0%| F|  |TAMS 0x00000000c5b00000, 0x00000000c5b00000| Untracked 
|   4|0x00000000c5c00000, 0x00000000c5c00000, 0x00000000c5d00000|  0%| F|  |TAMS 0x00000000c5c00000, 0x00000000c5c00000| Untracked 
|   5|0x00000000c5d00000, 0x00000000c5d00000, 0x00000000c5e00000|  0%| F|  |TAMS 0x00000000c5d00000, 0x00000000c5d00000| Untracked 
|   6|0x00000000c5e00000, 0x00000000c5e00000, 0x00000000c5f00000|  0%| F|  |TAMS 0x00000000c5e00000, 0x00000000c5e00000| Untracked 
|   7|0x00000000c5f00000, 0x00000000c5f00000, 0x00000000c6000000|  0%| F|  |TAMS 0x00000000c5f00000, 0x00000000c5f00000| Untracked 
|   8|0x00000000c6000000, 0x00000000c6000000, 0x00000000c6100000|  0%| F|  |TAMS 0x00000000c6000000, 0x00000000c6000000| Untracked 
|   9|0x00000000c6100000, 0x00000000c6100000, 0x00000000c6200000|  0%| F|  |TAMS 0x00000000c6100000, 0x00000000c6100000| Untracked 
|  10|0x00000000c6200000, 0x00000000c6200000, 0x00000000c6300000|  0%| F|  |TAMS 0x00000000c6200000, 0x00000000c6200000| Untracked 
|  11|0x00000000c6300000, 0x00000000c6300000, 0x00000000c6400000|  0%| F|  |TAMS 0x00000000c6300000, 0x00000000c6300000| Untracked 
|  12|0x00000000c6400000, 0x00000000c6400000, 0x00000000c6500000|  0%| F|  |TAMS 0x00000000c6400000, 0x00000000c6400000| Untracked 
|  13|0x00000000c6500000, 0x00000000c6500000, 0x00000000c6600000|  0%| F|  |TAMS 0x00000000c6500000, 0x00000000c6500000| Untracked 
|  14|0x00000000c6600000, 0x00000000c6600000, 0x00000000c6700000|  0%| F|  |TAMS 0x00000000c6600000, 0x00000000c6600000| Untracked 
|  15|0x00000000c6700000, 0x00000000c6700000, 0x00000000c6800000|  0%| F|  |TAMS 0x00000000c6700000, 0x00000000c6700000| Untracked 
|  16|0x00000000c6800000, 0x00000000c6800000, 0x00000000c6900000|  0%| F|  |TAMS 0x00000000c6800000, 0x00000000c6800000| Untracked 
|  17|0x00000000c6900000, 0x00000000c6900000, 0x00000000c6a00000|  0%| F|  |TAMS 0x00000000c6900000, 0x00000000c6900000| Untracked 
|  18|0x00000000c6a00000, 0x00000000c6a00000, 0x00000000c6b00000|  0%| F|  |TAMS 0x00000000c6a00000, 0x00000000c6a00000| Untracked 
|  19|0x00000000c6b00000, 0x00000000c6b00000, 0x00000000c6c00000|  0%| F|  |TAMS 0x00000000c6b00000, 0x00000000c6b00000| Untracked 
|  20|0x00000000c6c00000, 0x00000000c6c00000, 0x00000000c6d00000|  0%| F|  |TAMS 0x00000000c6c00000, 0x00000000c6c00000| Untracked 
|  21|0x00000000c6d00000, 0x00000000c6d00000, 0x00000000c6e00000|  0%| F|  |TAMS 0x00000000c6d00000, 0x00000000c6d00000| Untracked 
|  22|0x00000000c6e00000, 0x00000000c6e00000, 0x00000000c6f00000|  0%| F|  |TAMS 0x00000000c6e00000, 0x00000000c6e00000| Untracked 
|  23|0x00000000c6f00000, 0x00000000c6f00000, 0x00000000c7000000|  0%| F|  |TAMS 0x00000000c6f00000, 0x00000000c6f00000| Untracked 
|  24|0x00000000c7000000, 0x00000000c7000000, 0x00000000c7100000|  0%| F|  |TAMS 0x00000000c7000000, 0x00000000c7000000| Untracked 
|  25|0x00000000c7100000, 0x00000000c7100000, 0x00000000c7200000|  0%| F|  |TAMS 0x00000000c7100000, 0x00000000c7100000| Untracked 
|  26|0x00000000c7200000, 0x00000000c7200000, 0x00000000c7300000|  0%| F|  |TAMS 0x00000000c7200000, 0x00000000c7200000| Untracked 
|  27|0x00000000c7300000, 0x00000000c7300000, 0x00000000c7400000|  0%| F|  |TAMS 0x00000000c7300000, 0x00000000c7300000| Untracked 
|  28|0x00000000c7400000, 0x00000000c7400000, 0x00000000c7500000|  0%| F|  |TAMS 0x00000000c7400000, 0x00000000c7400000| Untracked 
|  29|0x00000000c7500000, 0x00000000c7500000, 0x00000000c7600000|  0%| F|  |TAMS 0x00000000c7500000, 0x00000000c7500000| Untracked 
|  30|0x00000000c7600000, 0x00000000c7600000, 0x00000000c7700000|  0%| F|  |TAMS 0x00000000c7600000, 0x00000000c7600000| Untracked 
|  31|0x00000000c7700000, 0x00000000c7700000, 0x00000000c7800000|  0%| F|  |TAMS 0x00000000c7700000, 0x00000000c7700000| Untracked 
|  32|0x00000000c7800000, 0x00000000c7800000, 0x00000000c7900000|  0%| F|  |TAMS 0x00000000c7800000, 0x00000000c7800000| Untracked 
|  33|0x00000000c7900000, 0x00000000c7900000, 0x00000000c7a00000|  0%| F|  |TAMS 0x00000000c7900000, 0x00000000c7900000| Untracked 
|  34|0x00000000c7a00000, 0x00000000c7a00000, 0x00000000c7b00000|  0%| F|  |TAMS 0x00000000c7a00000, 0x00000000c7a00000| Untracked 
|  35|0x00000000c7b00000, 0x00000000c7b00000, 0x00000000c7c00000|  0%| F|  |TAMS 0x00000000c7b00000, 0x00000000c7b00000| Untracked 
|  36|0x00000000c7c00000, 0x00000000c7c00000, 0x00000000c7d00000|  0%| F|  |TAMS 0x00000000c7c00000, 0x00000000c7c00000| Untracked 
|  37|0x00000000c7d00000, 0x00000000c7d00000, 0x00000000c7e00000|  0%| F|  |TAMS 0x00000000c7d00000, 0x00000000c7d00000| Untracked 
|  38|0x00000000c7e00000, 0x00000000c7e00000, 0x00000000c7f00000|  0%| F|  |TAMS 0x00000000c7e00000, 0x00000000c7e00000| Untracked 
|  39|0x00000000c7f00000, 0x00000000c7f00000, 0x00000000c8000000|  0%| F|  |TAMS 0x00000000c7f00000, 0x00000000c7f00000| Untracked 
|  40|0x00000000c8000000, 0x00000000c8000000, 0x00000000c8100000|  0%| F|  |TAMS 0x00000000c8000000, 0x00000000c8000000| Untracked 
|  41|0x00000000c8100000, 0x00000000c8100000, 0x00000000c8200000|  0%| F|  |TAMS 0x00000000c8100000, 0x00000000c8100000| Untracked 
|  42|0x00000000c8200000, 0x00000000c8200000, 0x00000000c8300000|  0%| F|  |TAMS 0x00000000c8200000, 0x00000000c8200000| Untracked 
|  43|0x00000000c8300000, 0x00000000c8300000, 0x00000000c8400000|  0%| F|  |TAMS 0x00000000c8300000, 0x00000000c8300000| Untracked 
|  44|0x00000000c8400000, 0x00000000c8400000, 0x00000000c8500000|  0%| F|  |TAMS 0x00000000c8400000, 0x00000000c8400000| Untracked 
|  45|0x00000000c8500000, 0x00000000c8500000, 0x00000000c8600000|  0%| F|  |TAMS 0x00000000c8500000, 0x00000000c8500000| Untracked 
|  46|0x00000000c8600000, 0x00000000c8600000, 0x00000000c8700000|  0%| F|  |TAMS 0x00000000c8600000, 0x00000000c8600000| Untracked 
|  47|0x00000000c8700000, 0x00000000c8700000, 0x00000000c8800000|  0%| F|  |TAMS 0x00000000c8700000, 0x00000000c8700000| Untracked 
|  48|0x00000000c8800000, 0x00000000c8800000, 0x00000000c8900000|  0%| F|  |TAMS 0x00000000c8800000, 0x00000000c8800000| Untracked 
|  49|0x00000000c8900000, 0x00000000c8900000, 0x00000000c8a00000|  0%| F|  |TAMS 0x00000000c8900000, 0x00000000c8900000| Untracked 
|  50|0x00000000c8a00000, 0x00000000c8afc678, 0x00000000c8b00000| 98%| E|  |TAMS 0x00000000c8a00000, 0x00000000c8a00000| Complete 
|  51|0x00000000c8b00000, 0x00000000c8c00000, 0x00000000c8c00000|100%| E|CS|TAMS 0x00000000c8b00000, 0x00000000c8b00000| Complete 
|  52|0x00000000c8c00000, 0x00000000c8d00000, 0x00000000c8d00000|100%| E|CS|TAMS 0x00000000c8c00000, 0x00000000c8c00000| Complete 
|  53|0x00000000c8d00000, 0x00000000c8e00000, 0x00000000c8e00000|100%| E|CS|TAMS 0x00000000c8d00000, 0x00000000c8d00000| Complete 
|  54|0x00000000c8e00000, 0x00000000c8ea0890, 0x00000000c8f00000| 62%| S|CS|TAMS 0x00000000c8e00000, 0x00000000c8e00000| Complete 
|  55|0x00000000c8f00000, 0x00000000c9000000, 0x00000000c9000000|100%| E|  |TAMS 0x00000000c8f00000, 0x00000000c8f00000| Complete 
|  56|0x00000000c9000000, 0x00000000c9100000, 0x00000000c9100000|100%| E|CS|TAMS 0x00000000c9000000, 0x00000000c9000000| Complete 
|  57|0x00000000c9100000, 0x00000000c9200000, 0x00000000c9200000|100%| E|CS|TAMS 0x00000000c9100000, 0x00000000c9100000| Complete 
|  58|0x00000000c9200000, 0x00000000c9300000, 0x00000000c9300000|100%| E|CS|TAMS 0x00000000c9200000, 0x00000000c9200000| Complete 
|  59|0x00000000c9300000, 0x00000000c9400000, 0x00000000c9400000|100%| E|CS|TAMS 0x00000000c9300000, 0x00000000c9300000| Complete 

Card table byte_map: [0x00000224ac8a0000,0x00000224aca80000] _byte_map_base: 0x00000224ac274000

Marking Bits (Prev, Next): (CMBitMap*) 0x000002249842f770, (CMBitMap*) 0x000002249842f7b0
 Prev Bits: [0x00000224acc60000, 0x00000224adb00000)
 Next Bits: [0x00000224adb00000, 0x00000224ae9a0000)

Polling page: 0x00000224984c0000

Metaspace:

Usage:
  Non-class:     15.89 MB used.
      Class:      1.71 MB used.
       Both:     17.60 MB used.

Virtual space:
  Non-class space:       64.00 MB reserved,      15.94 MB ( 25%) committed,  1 nodes.
      Class space:        1.00 GB reserved,       1.75 MB ( <1%) committed,  1 nodes.
             Both:        1.06 GB reserved,      17.69 MB (  2%) committed. 

Chunk freelists:
   Non-Class:  0 bytes
       Class:  2.19 MB
        Both:  2.19 MB

MaxMetaspaceSize: unlimited
CompressedClassSpaceSize: 1.00 GB
Initial GC threshold: 21.00 MB
Current GC threshold: 21.00 MB
CDS: off
MetaspaceReclaimPolicy: balanced
 - commit_granule_bytes: 65536.
 - commit_granule_words: 8192.
 - virtual_space_node_default_size: 8388608.
 - enlarge_chunks_in_place: 1.
 - new_chunks_are_fully_committed: 0.
 - uncommit_free_chunks: 1.
 - use_allocation_guard: 0.


Internal statistics:

num_allocs_failed_limit: 0.
num_arena_births: 60.
num_arena_deaths: 0.
num_vsnodes_births: 2.
num_vsnodes_deaths: 0.
num_space_committed: 283.
num_space_uncommitted: 0.
num_chunks_returned_to_freelist: 0.
num_chunks_taken_from_freelist: 233.
num_chunk_merges: 0.
num_chunk_splits: 142.
num_chunks_enlarged: 98.
num_inconsistent_stats: 0.

CodeHeap 'non-profiled nmethods': size=120064Kb used=443Kb max_used=443Kb free=119620Kb
 bounds [0x00000224a4d80000, 0x00000224a4ff0000, 0x00000224ac2c0000]
CodeHeap 'profiled nmethods': size=120000Kb used=2397Kb max_used=2397Kb free=117603Kb
 bounds [0x000002249d850000, 0x000002249dac0000, 0x00000224a4d80000]
CodeHeap 'non-nmethods': size=5696Kb used=1221Kb max_used=1236Kb free=4474Kb
 bounds [0x000002249d2c0000, 0x000002249d530000, 0x000002249d850000]
 total_blobs=1897 nmethods=1381 adapters=430
 compilation: enabled
              stopped_count=0, restarted_count=0
 full_count=0

Compilation events (20 events):
Event: 4.360 Thread 0x00000224b0debdd0 nmethod 1373 0x000002249daa3a90 code [0x000002249daa3c60, 0x000002249daa3ff8]
Event: 4.361 Thread 0x00000224b0debdd0 1374       1       com.mysql.cj.conf.AbstractRuntimeProperty::getValue (5 bytes)
Event: 4.361 Thread 0x00000224b0debdd0 nmethod 1374 0x00000224a4deda10 code [0x00000224a4dedba0, 0x00000224a4dedc78]
Event: 4.364 Thread 0x00000224b0debdd0 1375       1       java.util.concurrent.locks.AbstractOwnableSynchronizer::getExclusiveOwnerThread (5 bytes)
Event: 4.364 Thread 0x00000224b0debdd0 nmethod 1375 0x00000224a4dedd10 code [0x00000224a4dedea0, 0x00000224a4dedf78]
Event: 4.377 Thread 0x00000224b0d87ca0 1376       4       java.lang.String::compareTo (63 bytes)
Event: 4.380 Thread 0x00000224b0d87ca0 nmethod 1376 0x00000224a4dee010 code [0x00000224a4dee180, 0x00000224a4dee318]
Event: 4.382 Thread 0x00000224b0debdd0 1377       3       java.lang.ThreadLocal::getMap (5 bytes)
Event: 4.382 Thread 0x00000224b0debdd0 nmethod 1377 0x000002249daa4110 code [0x000002249daa42a0, 0x000002249daa43b8]
Event: 4.415 Thread 0x00000224b0debdd0 1378       3       java.io.InputStream::readNBytes (292 bytes)
Event: 4.417 Thread 0x00000224b0debdd0 nmethod 1378 0x000002249daa4490 code [0x000002249daa47e0, 0x000002249daa6128]
Event: 4.446 Thread 0x00000224b0debdd0 1379       3       jdk.internal.org.objectweb.asm.SymbolTable::addConstantMethodref (24 bytes)
Event: 4.446 Thread 0x00000224b0debdd0 nmethod 1379 0x000002249daa6990 code [0x000002249daa6b40, 0x000002249daa6ce8]
Event: 4.450 Thread 0x00000224b0debdd0 1380       3       java.lang.invoke.DirectMethodHandle::make (21 bytes)
Event: 4.450 Thread 0x00000224b0debdd0 nmethod 1380 0x000002249daa6d90 code [0x000002249daa6f60, 0x000002249daa72b8]
Event: 4.451 Thread 0x00000224b0d87ca0 1381       4       java.util.StringTokenizer::scanToken (179 bytes)
Event: 4.462 Thread 0x00000224b0d87ca0 nmethod 1381 0x00000224a4dee410 code [0x00000224a4dee5a0, 0x00000224a4dee868]
Event: 4.464 Thread 0x00000224b0d87ca0 1382       4       java.lang.String::compareTo (9 bytes)
Event: 4.467 Thread 0x00000224b0d87ca0 nmethod 1382 0x00000224a4deeb10 code [0x00000224a4deeca0, 0x00000224a4deee78]
Event: 4.526 Thread 0x00000224b0d87ca0 1383       4       java.util.HashMap::putVal (300 bytes)

GC Heap History (4 events):
Event: 2.060 GC heap before
{Heap before GC invocations=0 (full 0):
 garbage-first heap   total 61440K, used 6144K [0x00000000c5800000, 0x0000000100000000)
  region size 1024K, 6 young (6144K), 0 survivors (0K)
 Metaspace       used 8794K, committed 8960K, reserved 1114112K
  class space    used 758K, committed 832K, reserved 1048576K
}
Event: 2.075 GC heap after
{Heap after GC invocations=1 (full 0):
 garbage-first heap   total 61440K, used 1397K [0x00000000c5800000, 0x0000000100000000)
  region size 1024K, 1 young (1024K), 1 survivors (1024K)
 Metaspace       used 8794K, committed 8960K, reserved 1114112K
  class space    used 758K, committed 832K, reserved 1048576K
}
Event: 2.758 GC heap before
{Heap before GC invocations=1 (full 0):
 garbage-first heap   total 61440K, used 5493K [0x00000000c5800000, 0x0000000100000000)
  region size 1024K, 6 young (6144K), 1 survivors (1024K)
 Metaspace       used 11462K, committed 11584K, reserved 1114112K
  class space    used 1004K, committed 1088K, reserved 1048576K
}
Event: 2.763 GC heap after
{Heap after GC invocations=2 (full 0):
 garbage-first heap   total 61440K, used 2054K [0x00000000c5800000, 0x0000000100000000)
  region size 1024K, 1 young (1024K), 1 survivors (1024K)
 Metaspace       used 11462K, committed 11584K, reserved 1114112K
  class space    used 1004K, committed 1088K, reserved 1048576K
}

Deoptimization events (20 events):
Event: 3.578 Thread 0x00000224983efd70 Uncommon trap: trap_request=0xffffff45 fr.pc=0x00000224a4dc5ba8 relative=0x00000000000001e8
Event: 3.578 Thread 0x00000224983efd70 Uncommon trap: reason=unstable_if action=reinterpret pc=0x00000224a4dc5ba8 method=java.util.HashMap.putVal(ILjava/lang/Object;Ljava/lang/Object;ZZ)Ljava/lang/Object; @ 162 c2
Event: 3.578 Thread 0x00000224983efd70 DEOPT PACKING pc=0x00000224a4dc5ba8 sp=0x0000005d5d5fb4a0
Event: 3.578 Thread 0x00000224983efd70 DEOPT UNPACKING pc=0x000002249d31239d sp=0x0000005d5d5fb450 mode 2
Event: 3.683 Thread 0x00000224983efd70 Uncommon trap: trap_request=0xffffff45 fr.pc=0x00000224a4dd74a4 relative=0x00000000000002e4
Event: 3.683 Thread 0x00000224983efd70 Uncommon trap: reason=unstable_if action=reinterpret pc=0x00000224a4dd74a4 method=java.util.regex.Pattern$SliceI.match(Ljava/util/regex/Matcher;ILjava/lang/CharSequence;)Z @ 29 c2
Event: 3.683 Thread 0x00000224983efd70 DEOPT PACKING pc=0x00000224a4dd74a4 sp=0x0000005d5d5fe0f0
Event: 3.683 Thread 0x00000224983efd70 DEOPT UNPACKING pc=0x000002249d31239d sp=0x0000005d5d5fe088 mode 2
Event: 4.280 Thread 0x00000224983efd70 Uncommon trap: trap_request=0xffffff45 fr.pc=0x00000224a4de1128 relative=0x00000000000009c8
Event: 4.280 Thread 0x00000224983efd70 Uncommon trap: reason=unstable_if action=reinterpret pc=0x00000224a4de1128 method=java.lang.Integer.compare(II)I @ 2 c2
Event: 4.280 Thread 0x00000224983efd70 DEOPT PACKING pc=0x00000224a4de1128 sp=0x0000005d5d5fe7b0
Event: 4.280 Thread 0x00000224983efd70 DEOPT UNPACKING pc=0x000002249d31239d sp=0x0000005d5d5fe618 mode 2
Event: 4.446 Thread 0x00000224983efd70 Uncommon trap: trap_request=0xffffffde fr.pc=0x00000224a4de2438 relative=0x00000000000001f8
Event: 4.446 Thread 0x00000224983efd70 Uncommon trap: reason=class_check action=maybe_recompile pc=0x00000224a4de2438 method=java.util.regex.Matcher.getTextLength()I @ 4 c2
Event: 4.447 Thread 0x00000224983efd70 DEOPT PACKING pc=0x00000224a4de2438 sp=0x0000005d5d5ff1d0
Event: 4.447 Thread 0x00000224983efd70 DEOPT UNPACKING pc=0x000002249d31239d sp=0x0000005d5d5ff0f8 mode 2
Event: 4.517 Thread 0x00000224983efd70 Uncommon trap: trap_request=0xffffff45 fr.pc=0x00000224a4d90ad8 relative=0x0000000000000138
Event: 4.517 Thread 0x00000224983efd70 Uncommon trap: reason=unstable_if action=reinterpret pc=0x00000224a4d90ad8 method=java.lang.StringLatin1.lastIndexOf([BI[BII)I @ 86 c2
Event: 4.517 Thread 0x00000224983efd70 DEOPT PACKING pc=0x00000224a4d90ad8 sp=0x0000005d5d5fe5c0
Event: 4.517 Thread 0x00000224983efd70 DEOPT UNPACKING pc=0x000002249d31239d sp=0x0000005d5d5fe518 mode 2

Classes loaded (20 events):
Event: 4.131 Loading class sun/security/ssl/NewSessionTicket$NewSessionTicketMessage done
Event: 4.131 Loading class sun/security/ssl/NewSessionTicket$T13NewSessionTicketMessage done
Event: 4.441 Loading class java/util/Scanner
Event: 4.444 Loading class java/util/Scanner done
Event: 4.446 Loading class java/util/Scanner$PatternLRUCache
Event: 4.446 Loading class java/util/Scanner$PatternLRUCache done
Event: 4.447 Loading class java/text/NumberFormat
Event: 4.448 Loading class java/text/NumberFormat done
Event: 4.450 Loading class sun/util/locale/provider/NumberFormatProviderImpl
Event: 4.450 Loading class sun/util/locale/provider/NumberFormatProviderImpl done
Event: 4.463 Loading class sun/util/resources/LocaleData$CommonResourceBundleProvider
Event: 4.463 Loading class sun/util/resources/LocaleData$LocaleDataResourceBundleProvider
Event: 4.464 Loading class java/util/spi/ResourceBundleProvider
Event: 4.464 Loading class java/util/spi/ResourceBundleProvider done
Event: 4.464 Loading class sun/util/resources/LocaleData$LocaleDataResourceBundleProvider done
Event: 4.464 Loading class sun/util/resources/LocaleData$CommonResourceBundleProvider done
Event: 4.468 Loading class sun/text/resources/cldr/FormatData
Event: 4.476 Loading class sun/text/resources/cldr/FormatData done
Event: 4.477 Loading class sun/util/resources/Bundles$2
Event: 4.477 Loading class sun/util/resources/Bundles$2 done

Classes unloaded (0 events):
No events

Classes redefined (0 events):
No events

Internal exceptions (13 events):
Event: 1.682 Thread 0x00000224983efd70 Exception <a 'java/lang/NoSuchMethodError'{0x00000000c9140b40}: 'void java.lang.invoke.DirectMethodHandle$Holder.invokeSpecial(java.lang.Object, java.lang.Object, java.lang.Object)'> (0x00000000c9140b40) 
thrown [s\src\hotspot\share\interpreter\linkResolver.cpp, line 766]
Event: 1.693 Thread 0x00000224983efd70 Exception <a 'java/lang/NoSuchMethodError'{0x00000000c91573e0}: 'void java.lang.invoke.DirectMethodHandle$Holder.invokeSpecial(java.lang.Object, java.lang.Object, java.lang.Object, java.lang.Object, java.lang.Object)'> (0x00000000c91573e0) 
thrown [s\src\hotspot\share\interpreter\linkResolver.cpp, line 766]
Event: 1.701 Thread 0x00000224983efd70 Exception <a 'java/lang/NoSuchMethodError'{0x00000000c916a208}: 'java.lang.Object java.lang.invoke.DirectMethodHandle$Holder.invokeInterface(java.lang.Object, java.lang.Object)'> (0x00000000c916a208) 
thrown [s\src\hotspot\share\interpreter\linkResolver.cpp, line 766]
Event: 1.702 Thread 0x00000224983efd70 Exception <a 'java/lang/IncompatibleClassChangeError'{0x00000000c916d750}: Found class java.lang.Object, but interface was expected> (0x00000000c916d750) 
thrown [s\src\hotspot\share\interpreter\linkResolver.cpp, line 833]
Event: 1.704 Thread 0x00000224983efd70 Exception <a 'java/lang/NoSuchMethodError'{0x00000000c9170640}: 'void java.lang.invoke.DirectMethodHandle$Holder.invokeStatic(java.lang.Object, java.lang.Object, java.lang.Object, java.lang.Object)'> (0x00000000c9170640) 
thrown [s\src\hotspot\share\interpreter\linkResolver.cpp, line 766]
Event: 1.902 Thread 0x00000224983efd70 Exception <a 'java/lang/NoSuchMethodError'{0x00000000c8f5fec8}: 'java.lang.Object java.lang.invoke.DirectMethodHandle$Holder.invokeStaticInit(java.lang.Object)'> (0x00000000c8f5fec8) 
thrown [s\src\hotspot\share\interpreter\linkResolver.cpp, line 766]
Event: 1.984 Thread 0x00000224983efd70 Exception <a 'java/lang/NoSuchMethodError'{0x00000000c8e1c2d8}: 'void java.lang.invoke.DirectMethodHandle$Holder.invokeStatic(java.lang.Object, java.lang.Object, java.lang.Object)'> (0x00000000c8e1c2d8) 
thrown [s\src\hotspot\share\interpreter\linkResolver.cpp, line 766]
Event: 1.987 Thread 0x00000224983efd70 Exception <a 'java/lang/NoSuchMethodError'{0x00000000c8e263f0}: 'java.lang.Object java.lang.invoke.DirectMethodHandle$Holder.invokeVirtual(java.lang.Object, java.lang.Object, java.lang.Object)'> (0x00000000c8e263f0) 
thrown [s\src\hotspot\share\interpreter\linkResolver.cpp, line 766]
Event: 2.485 Thread 0x00000224983efd70 Exception <a 'java/lang/NoSuchMethodError'{0x00000000c91ce0b0}: 'void java.lang.invoke.DirectMethodHandle$Holder.invokeStatic(java.lang.Object, java.lang.Object)'> (0x00000000c91ce0b0) 
thrown [s\src\hotspot\share\interpreter\linkResolver.cpp, line 766]
Event: 2.847 Thread 0x00000224983efd70 Exception <a 'java/lang/NoSuchMethodError'{0x00000000c93fea38}: 'void java.lang.invoke.DirectMethodHandle$Holder.invokeStaticInit(java.lang.Object, java.lang.Object)'> (0x00000000c93fea38) 
thrown [s\src\hotspot\share\interpreter\linkResolver.cpp, line 766]
Event: 3.229 Thread 0x00000224983efd70 Exception <a 'sun/nio/fs/WindowsException'{0x00000000c9022630}> (0x00000000c9022630) 
thrown [s\src\hotspot\share\prims\jni.cpp, line 516]
Event: 3.381 Thread 0x00000224983efd70 Exception <a 'java/lang/NoSuchMethodError'{0x00000000c8f8a1b8}: 'java.lang.Object java.lang.invoke.DirectMethodHandle$Holder.invokeStaticInit(java.lang.Object, int, int, int, int)'> (0x00000000c8f8a1b8) 
thrown [s\src\hotspot\share\interpreter\linkResolver.cpp, line 766]
Event: 3.529 Thread 0x00000224983efd70 Exception <a 'java/lang/NoSuchMethodError'{0x00000000c8fc0d30}: 'java.lang.Object java.lang.invoke.DirectMethodHandle$Holder.invokeStaticInit(java.lang.Object, java.lang.Object, int, int, int, int)'> (0x00000000c8fc0d30) 
thrown [s\src\hotspot\share\interpreter\linkResolver.cpp, line 766]

VM Operations (20 events):
Event: 1.850 Executing VM operation: HandshakeAllThreads
Event: 1.850 Executing VM operation: HandshakeAllThreads done
Event: 1.869 Executing VM operation: HandshakeAllThreads
Event: 1.869 Executing VM operation: HandshakeAllThreads done
Event: 1.878 Executing VM operation: HandshakeAllThreads
Event: 1.878 Executing VM operation: HandshakeAllThreads done
Event: 2.060 Executing VM operation: G1CollectForAllocation
Event: 2.075 Executing VM operation: G1CollectForAllocation done
Event: 2.385 Executing VM operation: HandshakeAllThreads
Event: 2.385 Executing VM operation: HandshakeAllThreads done
Event: 2.435 Executing VM operation: HandshakeAllThreads
Event: 2.435 Executing VM operation: HandshakeAllThreads done
Event: 2.758 Executing VM operation: G1CollectForAllocation
Event: 2.763 Executing VM operation: G1CollectForAllocation done
Event: 3.255 Executing VM operation: HandshakeAllThreads
Event: 3.255 Executing VM operation: HandshakeAllThreads done
Event: 3.941 Executing VM operation: HandshakeAllThreads
Event: 3.941 Executing VM operation: HandshakeAllThreads done
Event: 3.941 Executing VM operation: Cleanup
Event: 3.941 Executing VM operation: Cleanup done

Events (19 events):
Event: 0.296 Loaded shared library C:\Users\dhiei\.p2\pool\plugins\org.eclipse.justj.openjdk.hotspot.jre.full.win32.x86_64_18.0.1.v20220515-1614\jre\bin\java.dll
Event: 0.457 Thread 0x00000224983efd70 Thread added: 0x00000224983efd70
Event: 0.482 Thread 0x00000224b0d45010 Thread added: 0x00000224b0d45010
Event: 0.483 Thread 0x00000224b0d463d0 Thread added: 0x00000224b0d463d0
Event: 0.613 Thread 0x00000224b0d854d0 Thread added: 0x00000224b0d854d0
Event: 0.613 Thread 0x00000224b0d85d80 Thread added: 0x00000224b0d85d80
Event: 0.614 Thread 0x00000224b0d86630 Thread added: 0x00000224b0d86630
Event: 0.614 Thread 0x00000224b0d86fd0 Thread added: 0x00000224b0d86fd0
Event: 0.614 Thread 0x00000224b0d87ca0 Thread added: 0x00000224b0d87ca0
Event: 0.624 Thread 0x00000224b0debdd0 Thread added: 0x00000224b0debdd0
Event: 0.631 Thread 0x00000224b0dee2e0 Thread added: 0x00000224b0dee2e0
Event: 1.125 Thread 0x00000224984ac740 Thread added: 0x00000224984ac740
Event: 1.335 Loaded shared library C:\Users\dhiei\.p2\pool\plugins\org.eclipse.justj.openjdk.hotspot.jre.full.win32.x86_64_18.0.1.v20220515-1614\jre\bin\net.dll
Event: 1.349 Loaded shared library C:\Users\dhiei\.p2\pool\plugins\org.eclipse.justj.openjdk.hotspot.jre.full.win32.x86_64_18.0.1.v20220515-1614\jre\bin\nio.dll
Event: 1.391 Loaded shared library C:\Users\dhiei\.p2\pool\plugins\org.eclipse.justj.openjdk.hotspot.jre.full.win32.x86_64_18.0.1.v20220515-1614\jre\bin\zip.dll
Event: 1.747 Thread 0x00000224b523d210 Thread added: 0x00000224b523d210
Event: 1.776 Loaded shared library C:\Users\dhiei\.p2\pool\plugins\org.eclipse.justj.openjdk.hotspot.jre.full.win32.x86_64_18.0.1.v20220515-1614\jre\bin\jimage.dll
Event: 1.856 Thread 0x00000224b53f9aa0 Thread added: 0x00000224b53f9aa0
Event: 3.601 Loaded shared library C:\Users\dhiei\.p2\pool\plugins\org.eclipse.justj.openjdk.hotspot.jre.full.win32.x86_64_18.0.1.v20220515-1614\jre\bin\sunmscapi.dll


Dynamic libraries:
0x00007ff7ccaf0000 - 0x00007ff7ccafe000 	C:\Users\dhiei\.p2\pool\plugins\org.eclipse.justj.openjdk.hotspot.jre.full.win32.x86_64_18.0.1.v20220515-1614\jre\bin\javaw.exe
0x00007ffa85d80000 - 0x00007ffa85f89000 	C:\WINDOWS\SYSTEM32\ntdll.dll
0x00007ffa84620000 - 0x00007ffa846dd000 	C:\WINDOWS\System32\KERNEL32.DLL
0x00007ffa83890000 - 0x00007ffa83c0d000 	C:\WINDOWS\System32\KERNELBASE.dll
0x00007ffa83610000 - 0x00007ffa83721000 	C:\WINDOWS\System32\ucrtbase.dll
0x00007ffa77380000 - 0x00007ffa77397000 	C:\Users\dhiei\.p2\pool\plugins\org.eclipse.justj.openjdk.hotspot.jre.full.win32.x86_64_18.0.1.v20220515-1614\jre\bin\jli.dll
0x00007ffa84ff0000 - 0x00007ffa8519d000 	C:\WINDOWS\System32\USER32.dll
0x00007ffa83730000 - 0x00007ffa83756000 	C:\WINDOWS\System32\win32u.dll
0x00007ffa85990000 - 0x00007ffa859b9000 	C:\WINDOWS\System32\GDI32.dll
0x00007ffa83450000 - 0x00007ffa83568000 	C:\WINDOWS\System32\gdi32full.dll
0x00007ffa83570000 - 0x00007ffa8360d000 	C:\WINDOWS\System32\msvcp_win.dll
0x00007ffa766e0000 - 0x00007ffa766f9000 	C:\Users\dhiei\.p2\pool\plugins\org.eclipse.justj.openjdk.hotspot.jre.full.win32.x86_64_18.0.1.v20220515-1614\jre\bin\VCRUNTIME140.dll
0x00007ffa65b80000 - 0x00007ffa65e25000 	C:\WINDOWS\WinSxS\amd64_microsoft.windows.common-controls_6595b64144ccf1df_6.0.22000.120_none_9d947278b86cc467\COMCTL32.dll
0x00007ffa858b0000 - 0x00007ffa85953000 	C:\WINDOWS\System32\msvcrt.dll
0x00007ffa85870000 - 0x00007ffa858a1000 	C:\WINDOWS\System32\IMM32.DLL
0x00007ffa7d510000 - 0x00007ffa7d51c000 	C:\Users\dhiei\.p2\pool\plugins\org.eclipse.justj.openjdk.hotspot.jre.full.win32.x86_64_18.0.1.v20220515-1614\jre\bin\vcruntime140_1.dll
0x00007ffa4acd0000 - 0x00007ffa4ad61000 	C:\Users\dhiei\.p2\pool\plugins\org.eclipse.justj.openjdk.hotspot.jre.full.win32.x86_64_18.0.1.v20220515-1614\jre\bin\msvcp140.dll
0x00007ffa01070000 - 0x00007ffa01cf9000 	C:\Users\dhiei\.p2\pool\plugins\org.eclipse.justj.openjdk.hotspot.jre.full.win32.x86_64_18.0.1.v20220515-1614\jre\bin\server\jvm.dll
0x00007ffa83c10000 - 0x00007ffa83cbe000 	C:\WINDOWS\System32\ADVAPI32.dll
0x00007ffa853b0000 - 0x00007ffa8544e000 	C:\WINDOWS\System32\sechost.dll
0x00007ffa83cc0000 - 0x00007ffa83de0000 	C:\WINDOWS\System32\RPCRT4.dll
0x00007ffa85450000 - 0x00007ffa85458000 	C:\WINDOWS\System32\PSAPI.DLL
0x00007ffa62640000 - 0x00007ffa62649000 	C:\WINDOWS\SYSTEM32\WSOCK32.dll
0x00007ffa84410000 - 0x00007ffa8447f000 	C:\WINDOWS\System32\WS2_32.dll
0x00007ffa7ced0000 - 0x00007ffa7cf03000 	C:\WINDOWS\SYSTEM32\WINMM.dll
0x00007ffa7c0c0000 - 0x00007ffa7c0ca000 	C:\WINDOWS\SYSTEM32\VERSION.dll
0x00007ffa82360000 - 0x00007ffa82378000 	C:\WINDOWS\SYSTEM32\kernel.appcore.dll
0x00007ffa78d40000 - 0x00007ffa78d4a000 	C:\Users\dhiei\.p2\pool\plugins\org.eclipse.justj.openjdk.hotspot.jre.full.win32.x86_64_18.0.1.v20220515-1614\jre\bin\jimage.dll
0x00007ffa80f40000 - 0x00007ffa81161000 	C:\WINDOWS\SYSTEM32\DBGHELP.DLL
0x00007ffa64460000 - 0x00007ffa64491000 	C:\WINDOWS\SYSTEM32\dbgcore.DLL
0x00007ffa833d0000 - 0x00007ffa8344f000 	C:\WINDOWS\System32\bcryptPrimitives.dll
0x00007ffa45a40000 - 0x00007ffa45a65000 	C:\Users\dhiei\.p2\pool\plugins\org.eclipse.justj.openjdk.hotspot.jre.full.win32.x86_64_18.0.1.v20220515-1614\jre\bin\java.dll
0x00007ffa58ef0000 - 0x00007ffa58f08000 	C:\Users\dhiei\.p2\pool\plugins\org.eclipse.justj.openjdk.hotspot.jre.full.win32.x86_64_18.0.1.v20220515-1614\jre\bin\zip.dll
0x00007ffa846e0000 - 0x00007ffa84e98000 	C:\WINDOWS\System32\SHELL32.dll
0x00007ffa813d0000 - 0x00007ffa81c38000 	C:\WINDOWS\SYSTEM32\windows.storage.dll
0x00007ffa85460000 - 0x00007ffa857d9000 	C:\WINDOWS\System32\combase.dll
0x00007ffa81260000 - 0x00007ffa813c6000 	C:\WINDOWS\SYSTEM32\wintypes.dll
0x00007ffa84480000 - 0x00007ffa8456a000 	C:\WINDOWS\System32\SHCORE.dll
0x00007ffa859d0000 - 0x00007ffa85a2d000 	C:\WINDOWS\System32\shlwapi.dll
0x00007ffa83190000 - 0x00007ffa831b1000 	C:\WINDOWS\SYSTEM32\profapi.dll
0x00007ffa48520000 - 0x00007ffa48533000 	C:\Users\dhiei\.p2\pool\plugins\org.eclipse.justj.openjdk.hotspot.jre.full.win32.x86_64_18.0.1.v20220515-1614\jre\bin\net.dll
0x00007ffa7c2c0000 - 0x00007ffa7c3cc000 	C:\WINDOWS\SYSTEM32\WINHTTP.dll
0x00007ffa82790000 - 0x00007ffa827f7000 	C:\WINDOWS\system32\mswsock.dll
0x00007ffa45e00000 - 0x00007ffa45e16000 	C:\Users\dhiei\.p2\pool\plugins\org.eclipse.justj.openjdk.hotspot.jre.full.win32.x86_64_18.0.1.v20220515-1614\jre\bin\nio.dll
0x00007ffa81f50000 - 0x00007ffa82038000 	C:\WINDOWS\SYSTEM32\DNSAPI.dll
0x00007ffa81ed0000 - 0x00007ffa81efd000 	C:\WINDOWS\SYSTEM32\IPHLPAPI.DLL
0x00007ffa85980000 - 0x00007ffa85989000 	C:\WINDOWS\System32\NSI.dll
0x00007ffa7a4b0000 - 0x00007ffa7a4ba000 	C:\Windows\System32\rasadhlp.dll
0x00007ffa7ba30000 - 0x00007ffa7bab1000 	C:\WINDOWS\System32\fwpuclnt.dll
0x00007ffa829d0000 - 0x00007ffa829e8000 	C:\WINDOWS\SYSTEM32\CRYPTSP.dll
0x00007ffa822c0000 - 0x00007ffa822f5000 	C:\WINDOWS\system32\rsaenh.dll
0x00007ffa82880000 - 0x00007ffa828a9000 	C:\WINDOWS\SYSTEM32\USERENV.dll
0x00007ffa82bc0000 - 0x00007ffa82be7000 	C:\WINDOWS\SYSTEM32\bcrypt.dll
0x00007ffa829f0000 - 0x00007ffa829fc000 	C:\WINDOWS\SYSTEM32\CRYPTBASE.dll
0x00007ffa7c2a0000 - 0x00007ffa7c2b9000 	C:\WINDOWS\SYSTEM32\dhcpcsvc6.DLL
0x00007ffa7cbc0000 - 0x00007ffa7cbde000 	C:\WINDOWS\SYSTEM32\dhcpcsvc.DLL
0x00007ffa776f0000 - 0x00007ffa776fe000 	C:\Users\dhiei\.p2\pool\plugins\org.eclipse.justj.openjdk.hotspot.jre.full.win32.x86_64_18.0.1.v20220515-1614\jre\bin\sunmscapi.dll
0x00007ffa83260000 - 0x00007ffa833c2000 	C:\WINDOWS\System32\CRYPT32.dll
0x00007ffa82b90000 - 0x00007ffa82bb8000 	C:\WINDOWS\SYSTEM32\ncrypt.dll
0x00007ffa82b50000 - 0x00007ffa82b87000 	C:\WINDOWS\SYSTEM32\NTASN1.dll

dbghelp: loaded successfully - version: 4.0.5 - missing functions: none
symbol engine: initialized successfully - sym options: 0x614 - pdb path: .;C:\Users\dhiei\.p2\pool\plugins\org.eclipse.justj.openjdk.hotspot.jre.full.win32.x86_64_18.0.1.v20220515-1614\jre\bin;C:\WINDOWS\SYSTEM32;C:\WINDOWS\WinSxS\amd64_microsoft.windows.common-controls_6595b64144ccf1df_6.0.22000.120_none_9d947278b86cc467;C:\Users\dhiei\.p2\pool\plugins\org.eclipse.justj.openjdk.hotspot.jre.full.win32.x86_64_18.0.1.v20220515-1614\jre\bin\server

VM Arguments:
jvm_args: -Dfile.encoding=UTF-8 --module-path=C:\java libs\jdbc-connectors\mysql-connector-java-8.0.30.jar -XX:+ShowCodeDetailsInExceptionMessages 
java_command: aplicacao.Main
java_class_path (initial): C:\Users\dhiei\OneDrive\Área de Trabalho\otimiza_condominio\bin
Launcher Type: SUN_STANDARD

[Global flags]
     intx CICompilerCount                          = 2                                         {product} {ergonomic}
     uint ConcGCThreads                            = 1                                         {product} {ergonomic}
     uint G1ConcRefinementThreads                  = 2                                         {product} {ergonomic}
   size_t G1HeapRegionSize                         = 1048576                                   {product} {ergonomic}
    uintx GCDrainStackTargetSize                   = 64                                        {product} {ergonomic}
   size_t InitialHeapSize                          = 62914560                                  {product} {ergonomic}
   size_t MarkStackSize                            = 4194304                                   {product} {ergonomic}
   size_t MaxHeapSize                              = 981467136                                 {product} {ergonomic}
   size_t MaxNewSize                               = 588251136                                 {product} {ergonomic}
   size_t MinHeapDeltaBytes                        = 1048576                                   {product} {ergonomic}
   size_t MinHeapSize                              = 8388608                                   {product} {ergonomic}
    uintx NonNMethodCodeHeapSize                   = 5826188                                {pd product} {ergonomic}
    uintx NonProfiledCodeHeapSize                  = 122916026                              {pd product} {ergonomic}
    uintx ProfiledCodeHeapSize                     = 122916026                              {pd product} {ergonomic}
    uintx ReservedCodeCacheSize                    = 251658240                              {pd product} {ergonomic}
     bool SegmentedCodeCache                       = true                                      {product} {ergonomic}
     bool ShowCodeDetailsInExceptionMessages       = true                                   {manageable} {command line}
   size_t SoftMaxHeapSize                          = 981467136                              {manageable} {ergonomic}
     bool UseCompressedClassPointers               = true                           {product lp64_product} {ergonomic}
     bool UseCompressedOops                        = true                           {product lp64_product} {ergonomic}
     bool UseG1GC                                  = true                                      {product} {ergonomic}
     bool UseLargePagesIndividualAllocation        = false                                  {pd product} {ergonomic}

Logging:
Log output configuration:
 #0: stdout all=warning uptime,level,tags foldmultilines=false
 #1: stderr all=off uptime,level,tags foldmultilines=false

Environment Variables:
JAVA_HOME=C:\Program Files\Java
PATH=C:/Users/dhiei/.p2/pool/plugins/org.eclipse.justj.openjdk.hotspot.jre.full.win32.x86_64_18.0.1.v20220515-1614/jre/bin/server;C:/Users/dhiei/.p2/pool/plugins/org.eclipse.justj.openjdk.hotspot.jre.full.win32.x86_64_18.0.1.v20220515-1614/jre/bin;C:\Program Files\Common Files\Oracle\Java\javapath;C:\WINDOWS\system32;C:\WINDOWS;C:\WINDOWS\System32\Wbem;"C:\WINDOWS\System32\WindowsPowerShell\v1.0\;C:\Program Files\Java\bin";C:\WINDOWS\System32\OpenSSH\;C:\Program Files (x86)\HP\Common\HPDestPlgIn\;C:\Program Files\MySQL\MySQL Shell 8.0\bin\;C:\Users\dhiei\AppData\Local\Microsoft\WindowsApps;C:\Program Files (x86)\HP\Common\HPDestPlgIn\;C:\WINDOWS\System32;
USERNAME=dhiei
OS=Windows_NT
PROCESSOR_IDENTIFIER=Intel64 Family 6 Model 122 Stepping 8, GenuineIntel



---------------  S Y S T E M  ---------------

OS:
 Windows 11 , 64 bit Build 22000 (10.0.22000.708)
OS uptime: 9 days 1:32 hours

CPU: total 2 (initial active 2) (2 cores per cpu, 1 threads per core) family 6 model 122 stepping 8 microcode 0x1a, cx8, cmov, fxsr, mmx, 3dnowpref, sse, sse2, sse3, ssse3, sse4.1, sse4.2, popcnt, tsc, tscinvbit, aes, erms, clmul, sha, clflush, clflushopt

Memory: 4k page, system-wide physical 3737M (311M free)
TotalPageFile size 15001M (AvailPageFile size 0M)
current process WorkingSet (physical memory assigned to process): 70M, peak: 70M
current process commit charge ("private bytes"): 140M, peak: 140M

vm_info: OpenJDK 64-Bit Server VM (18.0.1+10) for windows-amd64 JRE (18.0.1+10), built on Apr 20 2022 05:04:48 by "" with MS VC++ 16.7 (VS2019)

END.
